<?xml version="1.0" encoding="UTF-8"?>
<!-- Generated by org.testng.reporters.JUnitXMLReporter -->
<testsuite ignored="4" hostname="Eder" failures="0" tests="1" name="Default test" time="3.456" errors="0" timestamp="2025-10-02T13:38:52 BRT">
  <testcase classname="com.autotestapi.github.github_api_framework.tests.RepositoryTests" name="testPostCreateRepository" time="3.341"/>
  <testcase classname="com.autotestapi.github.github_api_framework.tests.RepositoryTests" name="testDeleteRepository" time="0.0">
    <ignored/>
  </testcase> <!-- testDeleteRepository -->
  <testcase classname="com.autotestapi.github.github_api_framework.tests.RepositoryTests" name="testGetRepositoriesListContainsCreatedRepo" time="0.0">
    <ignored/>
  </testcase> <!-- testGetRepositoriesListContainsCreatedRepo -->
  <testcase classname="com.autotestapi.github.github_api_framework.tests.RepositoryTests" name="testPutUpdateRepository" time="0.0">
    <ignored/>
  </testcase> <!-- testPutUpdateRepository -->
  <testcase classname="com.autotestapi.github.github_api_framework.tests.RepositoryTests" name="testGetSingleRepository" time="0.0">
    <ignored/>
  </testcase> <!-- testGetSingleRepository -->
</testsuite> <!-- Default test -->
