<?xml version="1.0" encoding="UTF-8"?>
<testng-results ignored="0" total="1" passed="1" failed="0" skipped="0">
  <reporter-output>
  </reporter-output>
  <suite started-at="2025-10-02T13:38:48 BRT" name="Default suite" finished-at="2025-10-02T13:38:52 BRT" duration-ms="3456">
    <groups>
    </groups>
    <test started-at="2025-10-02T13:38:48 BRT" name="Default test" finished-at="2025-10-02T13:38:52 BRT" duration-ms="3456">
      <class name="com.autotestapi.github.github_api_framework.tests.RepositoryTests">
        <test-method is-config="true" signature="setup()[pri:0, instance:com.autotestapi.github.github_api_framework.tests.RepositoryTests@58e1d9d]" started-at="2025-10-02T13:38:48 BRT" name="setup" finished-at="2025-10-02T13:38:48 BRT" duration-ms="48" status="PASS">
          <reporter-output>
          </reporter-output>
        </test-method> <!-- setup -->
        <test-method signature="testPostCreateRepository()[pri:1, instance:com.autotestapi.github.github_api_framework.tests.RepositoryTests@58e1d9d]" started-at="2025-10-02T13:38:48 BRT" name="testPostCreateRepository" finished-at="2025-10-02T13:38:52 BRT" duration-ms="3341" status="PASS">
          <reporter-output>
          </reporter-output>
        </test-method> <!-- testPostCreateRepository -->
      </class> <!-- com.autotestapi.github.github_api_framework.tests.RepositoryTests -->
    </test> <!-- Default test -->
  </suite> <!-- Default suite -->
</testng-results>
