<?xml version="1.0" encoding="UTF-8"?>
<!-- Generated by org.testng.reporters.JUnitXMLReporter -->
<testsuite ignored="0" hostname="Eder" failures="0" tests="5" name="Repository CRUD Flow Tests" time="11.966" errors="0" timestamp="2025-10-02T12:03:03 BRT">
  <testcase classname="com.autotestapi.github.github_api_framework.tests.RepositoryTests" name="testPostCreateRepository" time="3.05"/>
  <testcase classname="com.autotestapi.github.github_api_framework.tests.RepositoryTests" name="testGetSingleRepository" time="0.937"/>
  <testcase classname="com.autotestapi.github.github_api_framework.tests.RepositoryTests" name="testPutUpdateRepository" time="0.721"/>
  <testcase classname="com.autotestapi.github.github_api_framework.tests.RepositoryTests" name="testGetRepositoriesListContainsCreatedRepo" time="1.005"/>
  <testcase classname="com.autotestapi.github.github_api_framework.tests.RepositoryTests" name="testDeleteRepository" time="6.154"/>
</testsuite> <!-- Repository CRUD Flow Tests -->
